Arguments: 
  C:\Program Files\nodejs\node.exe C:\Users\Juan ignacio\AppData\Roaming\npm\node_modules\yarn\bin\yarn.js add atropos

PATH: 
  C:\WINDOWS\system32;C:\WINDOWS;C:\WINDOWS\System32\Wbem;C:\WINDOWS\System32\WindowsPowerShell\v1.0\;C:\WINDOWS\System32\OpenSSH\;C:\Program Files\Git\cmd;%NVM_HOME%;%NVM_SYMLINK%;C:\Users\Juan ignacio\AppData\Local\Microsoft\WindowsApps;C:\Users\Juan ignacio\AppData\Local\Programs\Microsoft VS Code\bin;C:\Users\Juan ignacio\AppData\Roaming\npm;C:\Users\Juan ignacio\AppData\Roaming\nvm;C:\Program Files\nodejs;

Yarn version: 
  1.22.19

Node version: 
  16.14.0

Platform: 
  win32 x64

Trace: 
  Error: EPERM: operation not permitted, unlink 'C:\Users\Juan ignacio\Desktop\enter\node_modules\@next\swc-win32-x64-msvc\next-swc.win32-x64-msvc.node'

npm manifest: 
  {
    "name": "enter",
    "version": "0.1.0",
    "private": true,
    "scripts": {
      "dev": "next dev",
      "build": "next build",
      "start": "next start",
      "lint": "next lint"
    },
    "dependencies": {
      "autoprefixer": "10.4.14",
      "eslint": "8.41.0",
      "eslint-config-next": "13.4.4",
      "next": "13.4.4",
      "postcss": "8.4.24",
      "react": "18.2.0",
      "react-dom": "18.2.0",
      "tailwindcss": "3.3.2"
    }
  }

yarn manifest: 
  No manifest

Lockfile: 
  No lockfile
